0 info it worked if it ends with ok
1 verbose cli [ 'node', '/usr/local/bin/npm', 'install', '-g', 'node-inspector' ]
2 info using npm@1.1.69
3 info using node@v0.8.16
4 verbose read json /usr/local/lib/package.json
5 verbose read json /usr/local/lib/package.json
6 verbose cache add [ 'node-inspector', null ]
7 silly cache add name=undefined spec="node-inspector" args=["node-inspector",null]
8 verbose parsed url { pathname: 'node-inspector',
8 verbose parsed url   path: 'node-inspector',
8 verbose parsed url   href: 'node-inspector' }
9 silly lockFile 4198ef9e-node-inspector node-inspector
10 verbose lock node-inspector /Users/user/.npm/4198ef9e-node-inspector.lock
11 silly lockFile 4198ef9e-node-inspector node-inspector
12 verbose addNamed [ 'node-inspector', '' ]
13 verbose addNamed [ null, '' ]
14 silly lockFile e68b88da-node-inspector node-inspector@
15 verbose lock node-inspector@ /Users/user/.npm/e68b88da-node-inspector.lock
16 silly addNameRange { name: 'node-inspector', range: '', hasData: false }
17 verbose url raw node-inspector
18 verbose url resolving [ 'https://registry.npmjs.org/', './node-inspector' ]
19 verbose url resolved https://registry.npmjs.org/node-inspector
20 info trying registry request attempt 1 at 20:41:11
21 http GET https://registry.npmjs.org/node-inspector
22 http 200 https://registry.npmjs.org/node-inspector
23 silly registry.get cb [ 200,
23 silly registry.get   { vary: 'Accept',
23 silly registry.get     server: 'CouchDB/1.3.1 (Erlang OTP/R15B03)',
23 silly registry.get     etag: '"9RMKISRJICS1A9P862S10BYUY"',
23 silly registry.get     date: 'Sat, 31 Aug 2013 10:41:14 GMT',
23 silly registry.get     'content-type': 'application/json',
23 silly registry.get     'content-length': '75251' } ]
24 silly addNameRange number 2 { name: 'node-inspector', range: '', hasData: true }
25 silly addNameRange versions [ 'node-inspector',
25 silly addNameRange   [ '0.0.1',
25 silly addNameRange     '0.0.2',
25 silly addNameRange     '0.0.3',
25 silly addNameRange     '0.0.4',
25 silly addNameRange     '0.1.0',
25 silly addNameRange     '0.1.1',
25 silly addNameRange     '0.1.2',
25 silly addNameRange     '0.1.3',
25 silly addNameRange     '0.1.4',
25 silly addNameRange     '0.1.5',
25 silly addNameRange     '0.1.6',
25 silly addNameRange     '0.1.7',
25 silly addNameRange     '0.1.8',
25 silly addNameRange     '0.1.9',
25 silly addNameRange     '0.1.10',
25 silly addNameRange     '0.3.0',
25 silly addNameRange     '0.3.1',
25 silly addNameRange     '0.3.2',
25 silly addNameRange     '0.3.3',
25 silly addNameRange     '0.3.4',
25 silly addNameRange     '0.2.0-beta1',
25 silly addNameRange     '0.2.0-beta2',
25 silly addNameRange     '0.2.0-beta3',
25 silly addNameRange     '0.2.0-beta4',
25 silly addNameRange     '0.3.0-preview1' ] ]
26 verbose addNamed [ 'node-inspector', '0.3.4' ]
27 verbose addNamed [ '0.3.4', '0.3.4' ]
28 silly lockFile 2365dee9-node-inspector-0-3-4 node-inspector@0.3.4
29 verbose lock node-inspector@0.3.4 /Users/user/.npm/2365dee9-node-inspector-0-3-4.lock
30 silly lockFile c42ecfea-spector-node-inspector-0-3-4-tgz https://registry.npmjs.org/node-inspector/-/node-inspector-0.3.4.tgz
31 verbose lock https://registry.npmjs.org/node-inspector/-/node-inspector-0.3.4.tgz /Users/user/.npm/c42ecfea-spector-node-inspector-0-3-4-tgz.lock
32 verbose addRemoteTarball [ 'https://registry.npmjs.org/node-inspector/-/node-inspector-0.3.4.tgz',
32 verbose addRemoteTarball   '6aa1a1d39ed439905dc1ed8cb431373f49a3fe92' ]
33 info retry fetch attempt 1 at 20:41:15
34 verbose fetch to= /var/folders/gq/8jm97_lx4s5cgp445yn1d52r0000gn/T/npm-3003/1377945675700-0.5913734873756766/tmp.tgz
35 http GET https://registry.npmjs.org/node-inspector/-/node-inspector-0.3.4.tgz
36 http 200 https://registry.npmjs.org/node-inspector/-/node-inspector-0.3.4.tgz
37 silly shasum updated bytes 40960
38 silly shasum updated bytes 40960
39 silly shasum updated bytes 40960
40 silly shasum updated bytes 40960
41 silly shasum updated bytes 40960
42 silly shasum updated bytes 40960
43 silly shasum updated bytes 40960
44 silly shasum updated bytes 40960
45 silly shasum updated bytes 40960
46 silly shasum updated bytes 40960
47 silly shasum updated bytes 40960
48 silly shasum updated bytes 40960
49 silly shasum updated bytes 40960
50 silly shasum updated bytes 40960
51 silly shasum updated bytes 40960
52 silly shasum updated bytes 40960
53 silly shasum updated bytes 40960
54 silly shasum updated bytes 40960
55 silly shasum updated bytes 40960
56 silly shasum updated bytes 40960
57 silly shasum updated bytes 40960
58 silly shasum updated bytes 40960
59 silly shasum updated bytes 40960
60 silly shasum updated bytes 14565
61 info shasum 6aa1a1d39ed439905dc1ed8cb431373f49a3fe92
61 info shasum /var/folders/gq/8jm97_lx4s5cgp445yn1d52r0000gn/T/npm-3003/1377945675700-0.5913734873756766/tmp.tgz
62 verbose tar unpack /var/folders/gq/8jm97_lx4s5cgp445yn1d52r0000gn/T/npm-3003/1377945675700-0.5913734873756766/tmp.tgz
63 silly lockFile f9bebe72-75700-0-5913734873756766-package /var/folders/gq/8jm97_lx4s5cgp445yn1d52r0000gn/T/npm-3003/1377945675700-0.5913734873756766/package
64 verbose lock /var/folders/gq/8jm97_lx4s5cgp445yn1d52r0000gn/T/npm-3003/1377945675700-0.5913734873756766/package /Users/user/.npm/f9bebe72-75700-0-5913734873756766-package.lock
65 silly gunzTarPerm modes [ '755', '644' ]
66 silly gunzTarPerm extractEntry package.json
67 silly gunzTarPerm extractEntry LICENSE
68 silly gunzTarPerm extractEntry index.js
69 silly gunzTarPerm extractEntry config.json
70 silly gunzTarPerm extractEntry MAINTAINERS.md
71 silly gunzTarPerm extractEntry bin/inspector.js
72 silly gunzTarPerm extractEntry AUTHORS
73 silly gunzTarPerm extractEntry front-end/AdvancedSearchController.js
74 silly gunzTarPerm extractEntry front-end/NativeMemorySnapshotView.js
75 silly gunzTarPerm extractEntry front-end/NavigatorOverlayController.js
76 silly gunzTarPerm extractEntry front-end/NavigatorView.js
77 silly gunzTarPerm extractEntry front-end/NativeMemoryGraph.js
78 silly gunzTarPerm extractEntry front-end/NetworkLog.js
79 silly gunzTarPerm extractEntry front-end/NetworkManager.js
80 silly gunzTarPerm extractEntry front-end/NetworkPanel.js
81 silly gunzTarPerm extractEntry front-end/NetworkPanelDescriptor.js
82 silly gunzTarPerm extractEntry front-end/NetworkRequest.js
83 silly gunzTarPerm extractEntry front-end/NativeHeapSnapshot.js
84 silly gunzTarPerm extractEntry front-end/NetworkUISourceCodeProvider.js
85 silly gunzTarPerm extractEntry front-end/NativeBreakpointsSidebarPane.js
86 silly gunzTarPerm extractEntry front-end/jsdifflib.js
87 silly gunzTarPerm extractEntry front-end/MetricsSidebarPane.js
88 silly gunzTarPerm extractEntry front-end/Object.js
89 silly gunzTarPerm extractEntry front-end/MemoryStatistics.js
90 silly gunzTarPerm extractEntry front-end/ObjectPopoverHelper.js
91 silly gunzTarPerm extractEntry front-end/LiveEditSupport.js
92 silly gunzTarPerm extractEntry front-end/ObjectPropertiesSection.js
93 silly gunzTarPerm extractEntry front-end/Linkifier.js
94 silly gunzTarPerm extractEntry front-end/OverridesView.js
95 silly gunzTarPerm extractEntry front-end/KeyboardShortcut.js
96 silly gunzTarPerm extractEntry front-end/OverviewGrid.js
97 silly gunzTarPerm extractEntry front-end/JavaScriptSourceFrame.js
98 silly gunzTarPerm extractEntry front-end/Panel.js
99 silly gunzTarPerm extractEntry front-end/JavaScriptFormatter.js
100 silly gunzTarPerm extractEntry front-end/ParsedURL.js
101 silly gunzTarPerm extractEntry front-end/JSHeapSnapshot.js
102 silly gunzTarPerm extractEntry front-end/Placard.js
103 silly gunzTarPerm extractEntry front-end/IsolatedFileSystemManager.js
104 silly gunzTarPerm extractEntry front-end/Popover.js
105 silly gunzTarPerm extractEntry front-end/IsolatedFileSystem.js
106 silly gunzTarPerm extractEntry front-end/PresentationConsoleMessageHelper.js
107 silly gunzTarPerm extractEntry front-end/InspectorView.js
108 silly gunzTarPerm extractEntry front-end/ProfileDataGridTree.js
109 silly gunzTarPerm extractEntry front-end/InspectorFrontendHostStub.js
110 silly gunzTarPerm extractEntry front-end/ProfileLauncherView.js
111 silly gunzTarPerm extractEntry front-end/InspectorFrontendAPI.js
112 silly gunzTarPerm extractEntry front-end/ProfilesPanel.js
113 silly gunzTarPerm extractEntry front-end/InspectorBackendCommands.js
114 silly gunzTarPerm extractEntry front-end/ProfilesPanelDescriptor.js
115 silly gunzTarPerm extractEntry front-end/InspectorBackend.js
116 silly gunzTarPerm extractEntry front-end/ApplicationCacheItemsView.js
117 silly gunzTarPerm extractEntry front-end/InspectElementModeController.js
118 silly gunzTarPerm extractEntry front-end/ProgressIndicator.js
119 silly gunzTarPerm extractEntry front-end/IndexedDBViews.js
120 silly gunzTarPerm extractEntry front-end/PropertiesSection.js
121 silly gunzTarPerm extractEntry front-end/IndexedDBModel.js
122 silly gunzTarPerm extractEntry front-end/PropertiesSidebarPane.js
123 silly gunzTarPerm extractEntry front-end/treeoutline.js
124 silly gunzTarPerm extractEntry front-end/RawSourceCode.js
125 silly gunzTarPerm extractEntry front-end/ImageView.js
126 silly gunzTarPerm extractEntry front-end/RemoteObject.js
127 silly gunzTarPerm extractEntry front-end/HelpScreen.js
128 silly gunzTarPerm extractEntry front-end/RequestCookiesView.js
129 silly gunzTarPerm extractEntry front-end/HeapSnapshotWorkerDispatcher.js
130 silly gunzTarPerm extractEntry front-end/RequestHTMLView.js
131 silly gunzTarPerm extractEntry front-end/HeapSnapshotWorker.js
132 silly gunzTarPerm extractEntry front-end/RequestHeadersView.js
133 silly gunzTarPerm extractEntry front-end/HeapSnapshotView.js
134 silly gunzTarPerm extractEntry front-end/RequestJSONView.js
135 silly gunzTarPerm extractEntry front-end/HeapSnapshotProxy.js
136 silly gunzTarPerm extractEntry front-end/RequestPreviewView.js
137 silly gunzTarPerm extractEntry front-end/HeapSnapshotLoader.js
138 silly gunzTarPerm extractEntry front-end/RequestResponseView.js
139 silly gunzTarPerm extractEntry front-end/HeapSnapshotGridNodes.js
140 silly gunzTarPerm extractEntry front-end/RequestTimingView.js
141 silly gunzTarPerm extractEntry front-end/HeapSnapshotDataGrids.js
142 silly gunzTarPerm extractEntry front-end/RequestView.js
143 silly gunzTarPerm extractEntry front-end/HeapSnapshot.js
144 silly gunzTarPerm extractEntry front-end/Resource.js
145 silly gunzTarPerm extractEntry front-end/HandlerRegistry.js
146 silly gunzTarPerm extractEntry front-end/ResourceScriptMapping.js
147 silly gunzTarPerm extractEntry front-end/HAREntry.js
148 silly gunzTarPerm extractEntry front-end/ResourceTreeModel.js
149 silly gunzTarPerm extractEntry front-end/GoToLineDialog.js
150 silly gunzTarPerm extractEntry front-end/ResourceType.js
151 silly gunzTarPerm extractEntry front-end/FontView.js
152 silly gunzTarPerm extractEntry front-end/ResourceUtils.js
153 silly gunzTarPerm extractEntry front-end/FlameChart.js
154 silly gunzTarPerm extractEntry front-end/ResourceView.js
155 silly gunzTarPerm extractEntry front-end/FilteredItemSelectionDialog.js
156 silly gunzTarPerm extractEntry front-end/ResourceWebSocketFrameView.js
157 silly gunzTarPerm extractEntry front-end/FileUtils.js
158 silly gunzTarPerm extractEntry front-end/ResourcesPanel.js
159 silly gunzTarPerm extractEntry front-end/FileSystemView.js
160 silly gunzTarPerm extractEntry front-end/RevisionHistoryView.js
161 silly gunzTarPerm extractEntry front-end/FileSystemProjectDelegate.js
162 silly gunzTarPerm extractEntry front-end/RuntimeModel.js
163 silly gunzTarPerm extractEntry front-end/FileSystemModel.js
164 silly gunzTarPerm extractEntry front-end/SASSSourceMapping.js
165 silly gunzTarPerm extractEntry front-end/FileSystemMapping.js
166 silly gunzTarPerm extractEntry front-end/ScopeChainSidebarPane.js
167 silly gunzTarPerm extractEntry front-end/FileMapping.js
168 silly gunzTarPerm extractEntry front-end/Script.js
169 silly gunzTarPerm extractEntry front-end/FileManager.js
170 silly gunzTarPerm extractEntry front-end/ScriptFormatter.js
171 silly gunzTarPerm extractEntry front-end/FileContentView.js
172 silly gunzTarPerm extractEntry front-end/ScriptFormatterWorker.js
173 silly gunzTarPerm extractEntry front-end/ExtensionView.js
174 silly gunzTarPerm extractEntry front-end/ScriptSnippetModel.js
175 silly gunzTarPerm extractEntry front-end/ExtensionServer.js
176 silly gunzTarPerm extractEntry front-end/ScriptsNavigator.js
177 silly gunzTarPerm extractEntry front-end/ExtensionRegistryStub.js
178 silly gunzTarPerm extractEntry front-end/ScriptsPanel.js
179 silly gunzTarPerm extractEntry front-end/ExtensionPanel.js
180 silly gunzTarPerm extractEntry front-end/ScriptsPanelDescriptor.js
181 silly gunzTarPerm extractEntry front-end/ExtensionAuditCategory.js
182 silly gunzTarPerm extractEntry front-end/ScriptsSearchScope.js
183 silly gunzTarPerm extractEntry front-end/ExtensionAPI.js
184 silly gunzTarPerm extractEntry front-end/SearchController.js
185 silly gunzTarPerm extractEntry front-end/EventListenersSidebarPane.js
186 silly gunzTarPerm extractEntry front-end/Section.js
187 silly gunzTarPerm extractEntry front-end/EmptyView.js
188 silly gunzTarPerm extractEntry front-end/Settings.js
189 silly gunzTarPerm extractEntry front-end/ElementsTreeOutline.js
190 silly gunzTarPerm extractEntry front-end/SettingsScreen.js
191 silly gunzTarPerm extractEntry front-end/ElementsPanelDescriptor.js
192 silly gunzTarPerm extractEntry front-end/ShortcutsScreen.js
193 silly gunzTarPerm extractEntry front-end/ElementsPanel.js
194 silly gunzTarPerm extractEntry front-end/ShowMoreDataGridNode.js
195 silly gunzTarPerm extractEntry front-end/Drawer.js
196 silly gunzTarPerm extractEntry front-end/SidebarOverlay.js
197 silly gunzTarPerm extractEntry front-end/DockController.js
198 silly gunzTarPerm extractEntry front-end/SidebarPane.js
199 silly gunzTarPerm extractEntry front-end/DirectoryContentView.js
200 silly gunzTarPerm extractEntry front-end/SidebarTreeElement.js
201 silly gunzTarPerm extractEntry front-end/Dialog.js
202 silly gunzTarPerm extractEntry front-end/SidebarView.js
203 silly gunzTarPerm extractEntry front-end/DevToolsExtensionAPI.js
204 silly gunzTarPerm extractEntry front-end/SimpleWorkspaceProvider.js
205 silly gunzTarPerm extractEntry front-end/DefaultTextEditor.js
206 silly gunzTarPerm extractEntry front-end/SnippetStorage.js
207 silly gunzTarPerm extractEntry front-end/DefaultScriptMapping.js
208 silly gunzTarPerm extractEntry front-end/SoftContextMenu.js
209 silly gunzTarPerm extractEntry front-end/DebuggerScriptMapping.js
210 silly gunzTarPerm extractEntry front-end/SourceCSSTokenizer.js
211 silly gunzTarPerm extractEntry front-end/DebuggerModel.js
212 silly gunzTarPerm extractEntry front-end/inspector.js
213 silly gunzTarPerm extractEntry front-end/DatabaseTableView.js
214 silly gunzTarPerm extractEntry front-end/SourceFrame.js
215 silly gunzTarPerm extractEntry front-end/DatabaseQueryView.js
216 silly gunzTarPerm extractEntry front-end/SourceHTMLTokenizer.js
217 silly gunzTarPerm extractEntry front-end/Database.js
218 silly gunzTarPerm extractEntry front-end/externs.js
219 silly gunzTarPerm extractEntry front-end/DataGrid.js
220 silly gunzTarPerm extractEntry front-end/SourceJavaScriptTokenizer.js
221 silly gunzTarPerm extractEntry front-end/DOMSyntaxHighlighter.js
222 silly gunzTarPerm extractEntry front-end/buildSystemOnly.js
223 silly gunzTarPerm extractEntry front-end/DOMStorageItemsView.js
224 silly gunzTarPerm extractEntry front-end/SourceMap.js
225 silly gunzTarPerm extractEntry front-end/DOMStorage.js
226 silly gunzTarPerm extractEntry front-end/SourceMapping.js
227 silly gunzTarPerm extractEntry front-end/DOMPresentationUtils.js
228 silly gunzTarPerm extractEntry front-end/SourceTokenizer.js
229 silly gunzTarPerm extractEntry front-end/DOMExtension.js
230 silly gunzTarPerm extractEntry front-end/Spectrum.js
231 silly gunzTarPerm extractEntry front-end/DOMCountersGraph.js
232 silly gunzTarPerm extractEntry front-end/SplitView.js
233 silly gunzTarPerm extractEntry front-end/DOMBreakpointsSidebarPane.js
234 silly gunzTarPerm extractEntry front-end/StatusBarButton.js
235 silly gunzTarPerm extractEntry front-end/DOMAgent.js
236 silly gunzTarPerm extractEntry front-end/StyleSheetOutlineDialog.js
237 silly gunzTarPerm extractEntry front-end/CookiesTable.js
238 silly gunzTarPerm extractEntry front-end/StylesSidebarPane.js
239 silly gunzTarPerm extractEntry front-end/CookieParser.js
240 silly gunzTarPerm extractEntry front-end/StylesSourceMapping.js
241 silly gunzTarPerm extractEntry front-end/CookieItemsView.js
242 silly gunzTarPerm extractEntry front-end/SuggestBox.js
243 silly gunzTarPerm extractEntry front-end/ContextMenu.js
244 silly gunzTarPerm extractEntry front-end/TabbedEditorContainer.js
245 silly gunzTarPerm extractEntry front-end/ContentProviders.js
246 silly gunzTarPerm extractEntry front-end/TabbedPane.js
247 silly gunzTarPerm extractEntry front-end/ContentProviderBasedProjectDelegate.js
248 silly gunzTarPerm extractEntry front-end/TestController.js
249 silly gunzTarPerm extractEntry front-end/ContentProvider.js
250 silly gunzTarPerm extractEntry front-end/Tests.js
251 silly gunzTarPerm extractEntry front-end/ConsoleView.js
252 silly gunzTarPerm extractEntry front-end/TextEditor.js
253 silly gunzTarPerm extractEntry front-end/ConsolePanel.js
254 silly gunzTarPerm extractEntry front-end/TextEditorHighlighter.js
255 silly gunzTarPerm extractEntry front-end/ConsoleModel.js
256 silly gunzTarPerm extractEntry front-end/TextEditorModel.js
257 silly gunzTarPerm extractEntry front-end/ConsoleMessage.js
258 silly gunzTarPerm extractEntry front-end/TextPrompt.js
259 silly gunzTarPerm extractEntry front-end/CompilerScriptMapping.js
260 silly gunzTarPerm extractEntry front-end/TextUtils.js
261 silly gunzTarPerm extractEntry front-end/Color.js
262 silly gunzTarPerm extractEntry front-end/TimelineFrameController.js
263 silly gunzTarPerm extractEntry front-end/CodeMirrorTextEditor.js
264 silly gunzTarPerm extractEntry front-end/TimelineGrid.js
265 silly gunzTarPerm extractEntry front-end/Checkbox.js
266 silly gunzTarPerm extractEntry front-end/TimelineManager.js
267 silly gunzTarPerm extractEntry front-end/CanvasProfileView.js
268 silly gunzTarPerm extractEntry front-end/TimelineModel.js
269 silly gunzTarPerm extractEntry front-end/CallStackSidebarPane.js
270 silly gunzTarPerm extractEntry front-end/TimelineOverviewPane.js
271 silly gunzTarPerm extractEntry front-end/CSSStyleModel.js
272 silly gunzTarPerm extractEntry front-end/TimelinePanel.js
273 silly gunzTarPerm extractEntry front-end/CSSSelectorProfileView.js
274 silly gunzTarPerm extractEntry front-end/TimelinePanelDescriptor.js
275 silly gunzTarPerm extractEntry front-end/CSSNamedFlowView.js
276 silly gunzTarPerm extractEntry front-end/TimelinePresentationModel.js
277 silly gunzTarPerm extractEntry front-end/CSSNamedFlowCollectionsView.js
278 silly gunzTarPerm extractEntry front-end/Toolbar.js
279 silly gunzTarPerm extractEntry front-end/CSSMetadata.js
280 silly gunzTarPerm extractEntry front-end/TopDownProfileDataGridTree.js
281 silly gunzTarPerm extractEntry front-end/CPUProfileView.js
282 silly gunzTarPerm extractEntry front-end/UISourceCode.js
283 silly gunzTarPerm extractEntry front-end/BreakpointsSidebarPane.js
284 silly gunzTarPerm extractEntry front-end/UISourceCodeFrame.js
285 silly gunzTarPerm extractEntry front-end/BreakpointManager.js
286 silly gunzTarPerm extractEntry front-end/UIString.js
287 silly gunzTarPerm extractEntry front-end/BottomUpProfileDataGridTree.js
288 silly gunzTarPerm extractEntry front-end/UIUtils.js
289 silly gunzTarPerm extractEntry front-end/AuditsPanel.js
290 silly gunzTarPerm extractEntry front-end/Workspace.js
291 silly gunzTarPerm extractEntry front-end/AuditRules.js
292 silly gunzTarPerm extractEntry front-end/UserAgentSupport.js
293 silly gunzTarPerm extractEntry front-end/AuditResultView.js
294 silly gunzTarPerm extractEntry front-end/UserMetrics.js
295 silly gunzTarPerm extractEntry front-end/AuditLauncherView.js
296 silly gunzTarPerm extractEntry front-end/View.js
297 silly gunzTarPerm extractEntry front-end/AuditFormatters.js
298 silly gunzTarPerm extractEntry front-end/ViewportControl.js
299 silly gunzTarPerm extractEntry front-end/AuditController.js
300 silly gunzTarPerm extractEntry front-end/WatchExpressionsSidebarPane.js
301 silly gunzTarPerm extractEntry front-end/AuditCategories.js
302 silly gunzTarPerm extractEntry front-end/WorkerManager.js
303 silly gunzTarPerm extractEntry front-end/ApplicationCacheModel.js
304 silly gunzTarPerm extractEntry front-end/WorkersSidebarPane.js
305 silly gunzTarPerm extractEntry front-end/NetworkItemView.js
306 silly gunzTarPerm extractEntry front-end/utilities.js
307 silly gunzTarPerm extractEntry front-end/Progress.js
308 silly gunzTarPerm extractEntry front-end/UglifyJS/parse-js.js
309 silly gunzTarPerm extractEntry front-end/breadcrumbList.css
310 silly gunzTarPerm extractEntry front-end/breakpointsList.css
311 silly gunzTarPerm extractEntry front-end/SourceJavaScriptTokenizer.re2js
312 silly gunzTarPerm extractEntry front-end/canvasProfiler.css
313 silly gunzTarPerm extractEntry front-end/cm/LICENSE
314 silly gunzTarPerm extractEntry front-end/cm/matchbrackets.js
315 silly gunzTarPerm extractEntry front-end/cm/markselection.js
316 silly gunzTarPerm extractEntry front-end/cm/codemirror.js
317 silly gunzTarPerm extractEntry front-end/cm/closebrackets.js
318 silly gunzTarPerm extractEntry front-end/cm/htmlmixed.js
319 silly gunzTarPerm extractEntry front-end/cm/javascript.js
320 silly gunzTarPerm extractEntry front-end/cm/xml.js
321 silly gunzTarPerm extractEntry front-end/cm/css.js
322 silly gunzTarPerm extractEntry front-end/cm/codemirror.css
323 silly gunzTarPerm extractEntry front-end/cm/cmdevtools.css
324 silly gunzTarPerm extractEntry front-end/cssNamedFlows.css
325 silly gunzTarPerm extractEntry front-end/dataGrid.css
326 silly gunzTarPerm extractEntry front-end/dialog.css
327 silly gunzTarPerm extractEntry front-end/elementsPanel.css
328 silly gunzTarPerm extractEntry front-end/SourceHTMLTokenizer.re2js
329 silly gunzTarPerm extractEntry front-end/filteredItemSelectionDialog.css
330 silly gunzTarPerm extractEntry front-end/flameChart.css
331 silly gunzTarPerm extractEntry front-end/heapProfiler.css
332 silly gunzTarPerm extractEntry front-end/helpScreen.css
333 silly gunzTarPerm extractEntry front-end/indexedDBViews.css
334 silly gunzTarPerm extractEntry front-end/inspector.css
335 silly gunzTarPerm extractEntry front-end/inspector.html
336 silly gunzTarPerm extractEntry front-end/SourceCSSTokenizer.re2js
337 silly gunzTarPerm extractEntry front-end/inspectorCommon.css
338 silly gunzTarPerm extractEntry front-end/inspectorSyntaxHighlight.css
339 silly gunzTarPerm extractEntry front-end/auditsPanel.css
340 silly gunzTarPerm extractEntry front-end/nativeMemoryProfiler.css
341 silly gunzTarPerm extractEntry front-end/navigatorView.css
342 silly gunzTarPerm extractEntry front-end/networkLogView.css
343 silly gunzTarPerm extractEntry front-end/networkPanel.css
344 silly gunzTarPerm extractEntry front-end/panelEnablerView.css
345 silly gunzTarPerm extractEntry front-end/popover.css
346 silly gunzTarPerm extractEntry front-end/profilesPanel.css
347 silly gunzTarPerm extractEntry front-end/resourceView.css
348 silly gunzTarPerm extractEntry front-end/resourcesPanel.css
349 silly gunzTarPerm extractEntry front-end/revisionHistory.css
350 silly gunzTarPerm extractEntry front-end/scriptsPanel.css
351 silly gunzTarPerm extractEntry front-end/sidebarPane.css
352 silly gunzTarPerm extractEntry front-end/spectrum.css
353 silly gunzTarPerm extractEntry front-end/splitView.css
354 silly gunzTarPerm extractEntry front-end/tabbedPane.css
355 silly gunzTarPerm extractEntry front-end/test-runner.html
356 silly gunzTarPerm extractEntry front-end/textEditor.css
357 silly gunzTarPerm extractEntry front-end/textPrompt.css
358 silly gunzTarPerm extractEntry front-end/timelinePanel.css
359 silly gunzTarPerm extractEntry front-end/Images/resourcePlainIcon.png
360 silly gunzTarPerm extractEntry front-end/Images/addIcon.png
361 silly gunzTarPerm extractEntry front-end/Images/back.png
362 silly gunzTarPerm extractEntry front-end/Images/breakpoint2.png
363 silly gunzTarPerm extractEntry front-end/Images/breakpoint2_2x.png
364 silly gunzTarPerm extractEntry front-end/Images/breakpointBorder.png
365 silly gunzTarPerm extractEntry front-end/Images/breakpointConditional2.png
366 silly gunzTarPerm extractEntry front-end/Images/breakpointConditional2_2x.png
367 silly gunzTarPerm extractEntry front-end/Images/breakpointConditionalBorder.png
368 silly gunzTarPerm extractEntry front-end/Images/breakpointConditionalCounterBorder.png
369 silly gunzTarPerm extractEntry front-end/Images/breakpointCounterBorder.png
370 silly gunzTarPerm extractEntry front-end/Images/checker.png
371 silly gunzTarPerm extractEntry front-end/Images/cookie.png
372 silly gunzTarPerm extractEntry front-end/Images/database.png
373 silly gunzTarPerm extractEntry front-end/Images/databaseTable.png
374 silly gunzTarPerm extractEntry front-end/Images/deleteIcon.png
375 silly gunzTarPerm extractEntry front-end/Images/domain.png
376 silly gunzTarPerm extractEntry front-end/Images/fileSystem.png
377 silly gunzTarPerm extractEntry front-end/Images/forward.png
378 silly gunzTarPerm extractEntry front-end/Images/frame.png
379 silly gunzTarPerm extractEntry front-end/Images/glossyHeader.png
380 silly gunzTarPerm extractEntry front-end/Images/glossyHeaderPressed.png
381 silly gunzTarPerm extractEntry front-end/Images/glossyHeaderSelected.png
382 silly gunzTarPerm extractEntry front-end/Images/glossyHeaderSelectedPressed.png
383 silly gunzTarPerm extractEntry front-end/Images/graphLabelCalloutLeft.png
384 silly gunzTarPerm extractEntry front-end/Images/graphLabelCalloutRight.png
385 silly gunzTarPerm extractEntry front-end/Images/indexedDB.png
386 silly gunzTarPerm extractEntry front-end/Images/indexedDBIndex.png
387 silly gunzTarPerm extractEntry front-end/Images/indexedDBObjectStore.png
388 silly gunzTarPerm extractEntry front-end/Images/localStorage.png
389 silly gunzTarPerm extractEntry front-end/Images/namedFlowOverflow.png
390 silly gunzTarPerm extractEntry front-end/Images/paneAddButtons.png
391 silly gunzTarPerm extractEntry front-end/Images/paneElementStateButtons.png
392 silly gunzTarPerm extractEntry front-end/Images/paneFilterButtons.png
393 silly gunzTarPerm extractEntry front-end/Images/paneRefreshButtons.png
394 silly gunzTarPerm extractEntry front-end/Images/paneSettingsButtons.png
395 silly gunzTarPerm extractEntry front-end/Images/popoverArrows.png
396 silly gunzTarPerm extractEntry front-end/Images/popoverBackground.png
397 silly gunzTarPerm extractEntry front-end/Images/profileGroupIcon.png
398 silly gunzTarPerm extractEntry front-end/Images/profileIcon.png
399 silly gunzTarPerm extractEntry front-end/Images/profileSmallIcon.png
400 silly gunzTarPerm extractEntry front-end/Images/programCounterBorder.png
401 silly gunzTarPerm extractEntry front-end/Images/radioDot.png
402 silly gunzTarPerm extractEntry front-end/Images/regionEmpty.png
403 silly gunzTarPerm extractEntry front-end/Images/regionFit.png
404 silly gunzTarPerm extractEntry front-end/Images/regionOverset.png
405 silly gunzTarPerm extractEntry front-end/Images/resourceCSSIcon.png
406 silly gunzTarPerm extractEntry front-end/Images/resourceDocumentIcon.png
407 silly gunzTarPerm extractEntry front-end/Images/resourceDocumentIconSmall.png
408 silly gunzTarPerm extractEntry front-end/Images/resourceJSIcon.png
409 silly gunzTarPerm extractEntry front-end/Images/applicationCache.png
410 silly gunzTarPerm extractEntry front-end/Images/resourcePlainIconSmall.png
411 silly gunzTarPerm extractEntry front-end/Images/resourcesTimeGraphIcon.png
412 silly gunzTarPerm extractEntry front-end/Images/searchNext.png
413 silly gunzTarPerm extractEntry front-end/Images/searchPrev.png
414 silly gunzTarPerm extractEntry front-end/Images/searchSmallBlue.png
415 silly gunzTarPerm extractEntry front-end/Images/searchSmallBrightBlue.png
416 silly gunzTarPerm extractEntry front-end/Images/searchSmallGray.png
417 silly gunzTarPerm extractEntry front-end/Images/searchSmallWhite.png
418 silly gunzTarPerm extractEntry front-end/Images/segment.png
419 silly gunzTarPerm extractEntry front-end/Images/segmentEnd.png
420 silly gunzTarPerm extractEntry front-end/Images/segmentHover.png
421 silly gunzTarPerm extractEntry front-end/Images/segmentHoverEnd.png
422 silly gunzTarPerm extractEntry front-end/Images/segmentSelected.png
423 silly gunzTarPerm extractEntry front-end/Images/segmentSelectedEnd.png
424 silly gunzTarPerm extractEntry front-end/Images/sessionStorage.png
425 silly gunzTarPerm extractEntry front-end/Images/spinner.gif
426 silly gunzTarPerm extractEntry front-end/Images/spinnerActive.gif
427 silly gunzTarPerm extractEntry front-end/Images/spinnerActiveSelected.gif
428 silly gunzTarPerm extractEntry front-end/Images/spinnerInactive.gif
429 silly gunzTarPerm extractEntry front-end/Images/spinnerInactiveSelected.gif
430 silly gunzTarPerm extractEntry front-end/Images/src/breakpoints2.svg
431 silly gunzTarPerm extractEntry front-end/Images/src/statusbarButtonGlyphs.svg
432 silly gunzTarPerm extractEntry front-end/Images/statusbarButtonGlyphs.png
433 silly gunzTarPerm extractEntry front-end/Images/statusbarButtonGlyphs2x.png
434 silly gunzTarPerm extractEntry front-end/Images/statusbarResizerHorizontal.png
435 silly gunzTarPerm extractEntry front-end/Images/statusbarResizerVertical.png
436 silly gunzTarPerm extractEntry front-end/Images/thumbActiveHoriz.png
437 silly gunzTarPerm extractEntry front-end/Images/thumbActiveVert.png
438 silly gunzTarPerm extractEntry front-end/Images/thumbHoriz.png
439 silly gunzTarPerm extractEntry front-end/Images/thumbHoverHoriz.png
440 silly gunzTarPerm extractEntry front-end/Images/thumbHoverVert.png
441 silly gunzTarPerm extractEntry front-end/Images/thumbVert.png
442 silly gunzTarPerm extractEntry front-end/Images/timelineHollowPillBlue.png
443 silly gunzTarPerm extractEntry front-end/Images/timelineHollowPillGray.png
444 silly gunzTarPerm extractEntry front-end/Images/timelineHollowPillGreen.png
445 silly gunzTarPerm extractEntry front-end/Images/timelineHollowPillOrange.png
446 silly gunzTarPerm extractEntry front-end/Images/timelineHollowPillPurple.png
447 silly gunzTarPerm extractEntry front-end/Images/timelineHollowPillRed.png
448 silly gunzTarPerm extractEntry front-end/Images/timelineHollowPillYellow.png
449 silly gunzTarPerm extractEntry front-end/Images/timelinePillBlue.png
450 silly gunzTarPerm extractEntry front-end/Images/timelinePillGray.png
451 silly gunzTarPerm extractEntry front-end/Images/timelinePillGreen.png
452 silly gunzTarPerm extractEntry front-end/Images/timelinePillOrange.png
453 silly gunzTarPerm extractEntry front-end/Images/timelinePillPurple.png
454 silly gunzTarPerm extractEntry front-end/Images/timelinePillRed.png
455 silly gunzTarPerm extractEntry front-end/Images/timelinePillYellow.png
456 silly gunzTarPerm extractEntry front-end/Images/toolbarIcons.png
457 silly gunzTarPerm extractEntry front-end/Images/toolbarIconsSmall.png
458 silly gunzTarPerm extractEntry front-end/Images/toolbarItemSelected.png
459 silly gunzTarPerm extractEntry front-end/Images/trackHoriz.png
460 silly gunzTarPerm extractEntry front-end/Images/trackVert.png
461 silly gunzTarPerm extractEntry front-end/OWNERS
462 silly gunzTarPerm extractEntry front-end-node/Overrides.js
463 silly gunzTarPerm extractEntry ChangeLog
464 silly gunzTarPerm extractEntry lib/BreakEventHandler.js
465 silly gunzTarPerm extractEntry lib/FrontendClient.js
466 silly gunzTarPerm extractEntry lib/FrontendCommandHandler.js
467 silly gunzTarPerm extractEntry lib/PageAgent.js
468 silly gunzTarPerm extractEntry lib/DebuggerClient.js
469 silly gunzTarPerm extractEntry lib/ScriptFileStorage.js
470 silly gunzTarPerm extractEntry lib/ScriptManager.js
471 silly gunzTarPerm extractEntry lib/callback.js
472 silly gunzTarPerm extractEntry lib/convert.js
473 silly gunzTarPerm extractEntry lib/debug-server.js
474 silly gunzTarPerm extractEntry lib/DebuggerAgent.js
475 silly gunzTarPerm extractEntry lib/debugger.js
476 silly gunzTarPerm extractEntry lib/CallFramesProvider.js
477 silly gunzTarPerm extractEntry lib/session.js
478 silly gunzTarPerm extractEntry lib/RuntimeAgent.js
479 silly gunzTarPerm extractEntry .travis.yml
480 silly gunzTarPerm extractEntry readme.md
481 verbose read json /var/folders/gq/8jm97_lx4s5cgp445yn1d52r0000gn/T/npm-3003/1377945675700-0.5913734873756766/package/package.json
482 silly lockFile f9bebe72-75700-0-5913734873756766-package /var/folders/gq/8jm97_lx4s5cgp445yn1d52r0000gn/T/npm-3003/1377945675700-0.5913734873756766/package
483 verbose from cache /var/folders/gq/8jm97_lx4s5cgp445yn1d52r0000gn/T/npm-3003/1377945675700-0.5913734873756766/package/package.json
484 verbose tar pack [ '/Users/user/.npm/node-inspector/0.3.4/package.tgz',
484 verbose tar pack   '/var/folders/gq/8jm97_lx4s5cgp445yn1d52r0000gn/T/npm-3003/1377945675700-0.5913734873756766/package' ]
485 verbose tarball /Users/user/.npm/node-inspector/0.3.4/package.tgz
486 verbose folder /var/folders/gq/8jm97_lx4s5cgp445yn1d52r0000gn/T/npm-3003/1377945675700-0.5913734873756766/package
487 silly lockFile f0de79e5-node-inspector-0-3-4-package-tgz /Users/user/.npm/node-inspector/0.3.4/package.tgz
488 verbose lock /Users/user/.npm/node-inspector/0.3.4/package.tgz /Users/user/.npm/f0de79e5-node-inspector-0-3-4-package-tgz.lock
489 silly lockFile f0de79e5-node-inspector-0-3-4-package-tgz /Users/user/.npm/node-inspector/0.3.4/package.tgz
490 silly lockFile 023d099e-npm-node-inspector-0-3-4-package /Users/user/.npm/node-inspector/0.3.4/package
491 verbose lock /Users/user/.npm/node-inspector/0.3.4/package /Users/user/.npm/023d099e-npm-node-inspector-0-3-4-package.lock
492 silly lockFile 023d099e-npm-node-inspector-0-3-4-package /Users/user/.npm/node-inspector/0.3.4/package
493 verbose tar unpack /Users/user/.npm/node-inspector/0.3.4/package.tgz
494 silly lockFile 023d099e-npm-node-inspector-0-3-4-package /Users/user/.npm/node-inspector/0.3.4/package
495 verbose lock /Users/user/.npm/node-inspector/0.3.4/package /Users/user/.npm/023d099e-npm-node-inspector-0-3-4-package.lock
496 silly gunzTarPerm modes [ '755', '644' ]
497 silly gunzTarPerm extractEntry package.json
498 silly gunzTarPerm extractEntry LICENSE
499 silly gunzTarPerm extractEntry index.js
500 silly gunzTarPerm extractEntry front-end-node/Overrides.js
501 silly gunzTarPerm extractEntry config.json
502 silly gunzTarPerm extractEntry front-end/AdvancedSearchController.js
503 silly gunzTarPerm extractEntry front-end/inspector.js
504 silly gunzTarPerm extractEntry front-end/InspectorBackend.js
505 silly gunzTarPerm extractEntry front-end/InspectorBackendCommands.js
506 silly gunzTarPerm extractEntry front-end/TimelinePanel.js
507 silly gunzTarPerm extractEntry front-end/TimelinePanelDescriptor.js
508 silly gunzTarPerm extractEntry front-end/InspectorFrontendHostStub.js
509 silly gunzTarPerm extractEntry front-end/TimelineOverviewPane.js
510 silly gunzTarPerm extractEntry front-end/InspectorView.js
511 silly gunzTarPerm extractEntry front-end/IsolatedFileSystem.js
512 silly gunzTarPerm extractEntry front-end/IsolatedFileSystemManager.js
513 silly gunzTarPerm extractEntry front-end/TimelinePresentationModel.js
514 silly gunzTarPerm extractEntry front-end/JavaScriptFormatter.js
515 silly gunzTarPerm extractEntry front-end/InspectElementModeController.js
516 silly gunzTarPerm extractEntry front-end/JavaScriptSourceFrame.js
517 silly gunzTarPerm extractEntry front-end/IndexedDBViews.js
518 silly gunzTarPerm extractEntry front-end/jsdifflib.js
519 silly gunzTarPerm extractEntry front-end/Toolbar.js
520 silly gunzTarPerm extractEntry front-end/JSHeapSnapshot.js
521 silly gunzTarPerm extractEntry front-end/IndexedDBModel.js
522 silly gunzTarPerm extractEntry front-end/KeyboardShortcut.js
523 silly gunzTarPerm extractEntry front-end/ImageView.js
524 silly gunzTarPerm extractEntry front-end/Linkifier.js
525 silly gunzTarPerm extractEntry front-end/TopDownProfileDataGridTree.js
526 silly gunzTarPerm extractEntry front-end/LiveEditSupport.js
527 silly gunzTarPerm extractEntry front-end/HelpScreen.js
528 silly gunzTarPerm extractEntry front-end/MemoryStatistics.js
529 silly gunzTarPerm extractEntry front-end/treeoutline.js
530 silly gunzTarPerm extractEntry front-end/MetricsSidebarPane.js
531 silly gunzTarPerm extractEntry front-end/HeapSnapshotWorkerDispatcher.js
532 silly gunzTarPerm extractEntry front-end/NativeBreakpointsSidebarPane.js
533 silly gunzTarPerm extractEntry front-end/HeapSnapshotWorker.js
534 silly gunzTarPerm extractEntry front-end/NativeHeapSnapshot.js
535 silly gunzTarPerm extractEntry front-end/HeapSnapshotView.js
536 silly gunzTarPerm extractEntry front-end/NativeMemoryGraph.js
537 silly gunzTarPerm extractEntry front-end/HeapSnapshotProxy.js
538 silly gunzTarPerm extractEntry front-end/TimelineModel.js
539 silly gunzTarPerm extractEntry front-end/HeapSnapshotLoader.js
540 silly gunzTarPerm extractEntry front-end/NativeMemorySnapshotView.js
541 silly gunzTarPerm extractEntry front-end/HeapSnapshotGridNodes.js
542 silly gunzTarPerm extractEntry front-end/NavigatorOverlayController.js
543 silly gunzTarPerm extractEntry front-end/HeapSnapshotDataGrids.js
544 silly gunzTarPerm extractEntry front-end/ApplicationCacheItemsView.js
545 silly gunzTarPerm extractEntry front-end/HeapSnapshot.js
546 silly gunzTarPerm extractEntry front-end/NavigatorView.js
547 silly gunzTarPerm extractEntry front-end/UISourceCode.js
548 silly gunzTarPerm extractEntry front-end/NetworkItemView.js
549 silly gunzTarPerm extractEntry front-end/HAREntry.js
550 silly gunzTarPerm extractEntry front-end/NetworkLog.js
551 silly gunzTarPerm extractEntry front-end/HandlerRegistry.js
552 silly gunzTarPerm extractEntry front-end/TimelineManager.js
553 silly gunzTarPerm extractEntry front-end/GoToLineDialog.js
554 silly gunzTarPerm extractEntry front-end/NetworkManager.js
555 silly gunzTarPerm extractEntry front-end/FontView.js
556 silly gunzTarPerm extractEntry front-end/TimelineGrid.js
557 silly gunzTarPerm extractEntry front-end/FlameChart.js
558 silly gunzTarPerm extractEntry front-end/NetworkPanel.js
559 silly gunzTarPerm extractEntry front-end/UISourceCodeFrame.js
560 silly gunzTarPerm extractEntry front-end/NetworkPanelDescriptor.js
561 silly gunzTarPerm extractEntry front-end/FilteredItemSelectionDialog.js
562 silly gunzTarPerm extractEntry front-end/NetworkRequest.js
563 silly gunzTarPerm extractEntry front-end/UIString.js
564 silly gunzTarPerm extractEntry front-end/NetworkUISourceCodeProvider.js
565 silly gunzTarPerm extractEntry front-end/FileUtils.js
566 silly gunzTarPerm extractEntry front-end/Object.js
567 silly gunzTarPerm extractEntry front-end/FileSystemView.js
568 silly gunzTarPerm extractEntry front-end/ObjectPopoverHelper.js
569 silly gunzTarPerm extractEntry front-end/FileSystemProjectDelegate.js
570 silly gunzTarPerm extractEntry front-end/ObjectPropertiesSection.js
571 silly gunzTarPerm extractEntry front-end/FileSystemModel.js
572 silly gunzTarPerm extractEntry front-end/OverridesView.js
573 silly gunzTarPerm extractEntry front-end/FileSystemMapping.js
574 silly gunzTarPerm extractEntry front-end/OverviewGrid.js
575 silly gunzTarPerm extractEntry front-end/FileMapping.js
576 silly gunzTarPerm extractEntry front-end/TimelineFrameController.js
577 silly gunzTarPerm extractEntry front-end/FileManager.js
578 silly gunzTarPerm extractEntry front-end/Panel.js
579 silly gunzTarPerm extractEntry front-end/FileContentView.js
580 silly gunzTarPerm extractEntry front-end/TextUtils.js
581 silly gunzTarPerm extractEntry front-end/externs.js
582 silly gunzTarPerm extractEntry front-end/ParsedURL.js
583 silly gunzTarPerm extractEntry front-end/ExtensionView.js
584 silly gunzTarPerm extractEntry front-end/Placard.js
585 silly gunzTarPerm extractEntry front-end/ExtensionServer.js
586 silly gunzTarPerm extractEntry front-end/TextPrompt.js
587 silly gunzTarPerm extractEntry front-end/ExtensionRegistryStub.js
588 silly gunzTarPerm extractEntry front-end/Popover.js
589 silly gunzTarPerm extractEntry front-end/ExtensionPanel.js
590 silly gunzTarPerm extractEntry front-end/PresentationConsoleMessageHelper.js
591 silly gunzTarPerm extractEntry front-end/ExtensionAuditCategory.js
592 silly gunzTarPerm extractEntry front-end/ProfileDataGridTree.js
593 silly gunzTarPerm extractEntry front-end/ExtensionAPI.js
594 silly gunzTarPerm extractEntry front-end/ProfileLauncherView.js
595 silly gunzTarPerm extractEntry front-end/EventListenersSidebarPane.js
596 silly gunzTarPerm extractEntry front-end/TextEditorModel.js
597 silly gunzTarPerm extractEntry front-end/EmptyView.js
598 silly gunzTarPerm extractEntry front-end/ProfilesPanel.js
599 silly gunzTarPerm extractEntry front-end/ElementsTreeOutline.js
600 silly gunzTarPerm extractEntry front-end/ProfilesPanelDescriptor.js
601 silly gunzTarPerm extractEntry front-end/ElementsPanelDescriptor.js
602 silly gunzTarPerm extractEntry front-end/Progress.js
603 silly gunzTarPerm extractEntry front-end/ElementsPanel.js
604 silly gunzTarPerm extractEntry front-end/ProgressIndicator.js
605 silly gunzTarPerm extractEntry front-end/UIUtils.js
606 silly gunzTarPerm extractEntry front-end/PropertiesSection.js
607 silly gunzTarPerm extractEntry front-end/Drawer.js
608 silly gunzTarPerm extractEntry front-end/PropertiesSidebarPane.js
609 silly gunzTarPerm extractEntry front-end/DOMSyntaxHighlighter.js
610 silly gunzTarPerm extractEntry front-end/RawSourceCode.js
611 silly gunzTarPerm extractEntry front-end/DOMStorageItemsView.js
612 silly gunzTarPerm extractEntry front-end/RemoteObject.js
613 silly gunzTarPerm extractEntry front-end/DOMStorage.js
614 silly gunzTarPerm extractEntry front-end/RequestCookiesView.js
615 silly gunzTarPerm extractEntry front-end/DOMPresentationUtils.js
616 silly gunzTarPerm extractEntry front-end/RequestHeadersView.js
617 silly gunzTarPerm extractEntry front-end/DOMExtension.js
618 silly gunzTarPerm extractEntry front-end/RequestHTMLView.js
619 silly gunzTarPerm extractEntry front-end/DOMCountersGraph.js
620 silly gunzTarPerm extractEntry front-end/RequestJSONView.js
621 silly gunzTarPerm extractEntry front-end/DOMBreakpointsSidebarPane.js
622 silly gunzTarPerm extractEntry front-end/RequestPreviewView.js
623 silly gunzTarPerm extractEntry front-end/DOMAgent.js
624 silly gunzTarPerm extractEntry front-end/RequestResponseView.js
625 silly gunzTarPerm extractEntry front-end/DockController.js
626 silly gunzTarPerm extractEntry front-end/RequestTimingView.js
627 silly gunzTarPerm extractEntry front-end/DirectoryContentView.js
628 silly gunzTarPerm extractEntry front-end/RequestView.js
629 silly gunzTarPerm extractEntry front-end/Dialog.js
630 silly gunzTarPerm extractEntry front-end/Resource.js
631 silly gunzTarPerm extractEntry front-end/UserAgentSupport.js
632 silly gunzTarPerm extractEntry front-end/ResourceScriptMapping.js
633 silly gunzTarPerm extractEntry front-end/DevToolsExtensionAPI.js
634 silly gunzTarPerm extractEntry front-end/TextEditorHighlighter.js
635 silly gunzTarPerm extractEntry front-end/DefaultTextEditor.js
636 silly gunzTarPerm extractEntry front-end/ResourcesPanel.js
637 silly gunzTarPerm extractEntry front-end/DefaultScriptMapping.js
638 silly gunzTarPerm extractEntry front-end/ResourceTreeModel.js
639 silly gunzTarPerm extractEntry front-end/DebuggerScriptMapping.js
640 silly gunzTarPerm extractEntry front-end/ResourceType.js
641 silly gunzTarPerm extractEntry front-end/DebuggerModel.js
642 silly gunzTarPerm extractEntry front-end/ResourceUtils.js
643 silly gunzTarPerm extractEntry front-end/DataGrid.js
644 silly gunzTarPerm extractEntry front-end/TextEditor.js
645 silly gunzTarPerm extractEntry front-end/UserMetrics.js
646 silly gunzTarPerm extractEntry front-end/ResourceView.js
647 silly gunzTarPerm extractEntry front-end/DatabaseTableView.js
648 silly gunzTarPerm extractEntry front-end/ResourceWebSocketFrameView.js
649 silly gunzTarPerm extractEntry front-end/DatabaseQueryView.js
650 silly gunzTarPerm extractEntry front-end/Tests.js
651 silly gunzTarPerm extractEntry front-end/Database.js
652 silly gunzTarPerm extractEntry front-end/RevisionHistoryView.js
653 silly gunzTarPerm extractEntry front-end/CSSStyleModel.js
654 silly gunzTarPerm extractEntry front-end/RuntimeModel.js
655 silly gunzTarPerm extractEntry front-end/CSSSelectorProfileView.js
656 silly gunzTarPerm extractEntry front-end/SASSSourceMapping.js
657 silly gunzTarPerm extractEntry front-end/CSSNamedFlowView.js
658 silly gunzTarPerm extractEntry front-end/ScopeChainSidebarPane.js
659 silly gunzTarPerm extractEntry front-end/utilities.js
660 silly gunzTarPerm extractEntry front-end/Script.js
661 silly gunzTarPerm extractEntry front-end/CSSNamedFlowCollectionsView.js
662 silly gunzTarPerm extractEntry front-end/ScriptFormatter.js
663 silly gunzTarPerm extractEntry front-end/CSSMetadata.js
664 silly gunzTarPerm extractEntry front-end/ScriptFormatterWorker.js
665 silly gunzTarPerm extractEntry front-end/CPUProfileView.js
666 silly gunzTarPerm extractEntry front-end/ScriptsNavigator.js
667 silly gunzTarPerm extractEntry front-end/CookiesTable.js
668 silly gunzTarPerm extractEntry front-end/ScriptSnippetModel.js
669 silly gunzTarPerm extractEntry front-end/CookieParser.js
670 silly gunzTarPerm extractEntry front-end/TestController.js
671 silly gunzTarPerm extractEntry front-end/CookieItemsView.js
672 silly gunzTarPerm extractEntry front-end/ScriptsPanel.js
673 silly gunzTarPerm extractEntry front-end/ContextMenu.js
674 silly gunzTarPerm extractEntry front-end/ScriptsPanelDescriptor.js
675 silly gunzTarPerm extractEntry front-end/ContentProviders.js
676 silly gunzTarPerm extractEntry front-end/ScriptsSearchScope.js
677 silly gunzTarPerm extractEntry front-end/ContentProviderBasedProjectDelegate.js
678 silly gunzTarPerm extractEntry front-end/SearchController.js
679 silly gunzTarPerm extractEntry front-end/ContentProvider.js
680 silly gunzTarPerm extractEntry front-end/Section.js
681 silly gunzTarPerm extractEntry front-end/ConsoleView.js
682 silly gunzTarPerm extractEntry front-end/Settings.js
683 silly gunzTarPerm extractEntry front-end/ConsolePanel.js
684 silly gunzTarPerm extractEntry front-end/SettingsScreen.js
685 silly gunzTarPerm extractEntry front-end/ConsoleModel.js
686 silly gunzTarPerm extractEntry front-end/ShortcutsScreen.js
687 silly gunzTarPerm extractEntry front-end/ConsoleMessage.js
688 silly gunzTarPerm extractEntry front-end/ShowMoreDataGridNode.js
689 silly gunzTarPerm extractEntry front-end/CompilerScriptMapping.js
690 silly gunzTarPerm extractEntry front-end/SidebarOverlay.js
691 silly gunzTarPerm extractEntry front-end/Color.js
692 silly gunzTarPerm extractEntry front-end/TabbedPane.js
693 silly gunzTarPerm extractEntry front-end/CodeMirrorTextEditor.js
694 silly gunzTarPerm extractEntry front-end/SidebarPane.js
695 silly gunzTarPerm extractEntry front-end/View.js
696 silly gunzTarPerm extractEntry front-end/SidebarTreeElement.js
697 silly gunzTarPerm extractEntry front-end/Checkbox.js
698 silly gunzTarPerm extractEntry front-end/SidebarView.js
699 silly gunzTarPerm extractEntry front-end/CanvasProfileView.js
700 silly gunzTarPerm extractEntry front-end/SimpleWorkspaceProvider.js
701 silly gunzTarPerm extractEntry front-end/ViewportControl.js
702 silly gunzTarPerm extractEntry front-end/SnippetStorage.js
703 silly gunzTarPerm extractEntry front-end/CallStackSidebarPane.js
704 silly gunzTarPerm extractEntry front-end/SoftContextMenu.js
705 silly gunzTarPerm extractEntry front-end/buildSystemOnly.js
706 silly gunzTarPerm extractEntry front-end/SourceCSSTokenizer.js
707 silly gunzTarPerm extractEntry front-end/BreakpointsSidebarPane.js
708 silly gunzTarPerm extractEntry front-end/TabbedEditorContainer.js
709 silly gunzTarPerm extractEntry front-end/WatchExpressionsSidebarPane.js
710 silly gunzTarPerm extractEntry front-end/SourceFrame.js
711 silly gunzTarPerm extractEntry front-end/BreakpointManager.js
712 silly gunzTarPerm extractEntry front-end/SourceHTMLTokenizer.js
713 silly gunzTarPerm extractEntry front-end/WorkerManager.js
714 silly gunzTarPerm extractEntry front-end/SuggestBox.js
715 silly gunzTarPerm extractEntry front-end/BottomUpProfileDataGridTree.js
716 silly gunzTarPerm extractEntry front-end/SourceJavaScriptTokenizer.js
717 silly gunzTarPerm extractEntry front-end/AuditsPanel.js
718 silly gunzTarPerm extractEntry front-end/StylesSourceMapping.js
719 silly gunzTarPerm extractEntry front-end/WorkersSidebarPane.js
720 silly gunzTarPerm extractEntry front-end/SourceMap.js
721 silly gunzTarPerm extractEntry front-end/AuditRules.js
722 silly gunzTarPerm extractEntry front-end/SourceMapping.js
723 silly gunzTarPerm extractEntry front-end/AuditResultView.js
724 silly gunzTarPerm extractEntry front-end/SourceTokenizer.js
725 silly gunzTarPerm extractEntry front-end/AuditLauncherView.js
726 silly gunzTarPerm extractEntry front-end/StylesSidebarPane.js
727 silly gunzTarPerm extractEntry front-end/AuditFormatters.js
728 silly gunzTarPerm extractEntry front-end/Spectrum.js
729 silly gunzTarPerm extractEntry front-end/AuditController.js
730 silly gunzTarPerm extractEntry front-end/StyleSheetOutlineDialog.js
731 silly gunzTarPerm extractEntry front-end/AuditCategories.js
732 silly gunzTarPerm extractEntry front-end/SplitView.js
733 silly gunzTarPerm extractEntry front-end/ApplicationCacheModel.js
734 silly gunzTarPerm extractEntry front-end/StatusBarButton.js
735 silly gunzTarPerm extractEntry front-end/InspectorFrontendAPI.js
736 silly gunzTarPerm extractEntry front-end/Workspace.js
737 silly gunzTarPerm extractEntry front-end/inspectorSyntaxHighlight.css
738 silly gunzTarPerm extractEntry front-end/splitView.css
739 silly gunzTarPerm extractEntry front-end/SourceJavaScriptTokenizer.re2js
740 silly gunzTarPerm extractEntry front-end/SourceHTMLTokenizer.re2js
741 silly gunzTarPerm extractEntry front-end/SourceCSSTokenizer.re2js
742 silly gunzTarPerm extractEntry front-end/tabbedPane.css
743 silly gunzTarPerm extractEntry front-end/sidebarPane.css
744 silly gunzTarPerm extractEntry front-end/test-runner.html
745 silly gunzTarPerm extractEntry front-end/scriptsPanel.css
746 silly gunzTarPerm extractEntry front-end/revisionHistory.css
747 silly gunzTarPerm extractEntry front-end/textEditor.css
748 silly gunzTarPerm extractEntry front-end/resourceView.css
749 silly gunzTarPerm extractEntry front-end/resourcesPanel.css
750 silly gunzTarPerm extractEntry front-end/profilesPanel.css
751 silly gunzTarPerm extractEntry front-end/textPrompt.css
752 silly gunzTarPerm extractEntry front-end/popover.css
753 silly gunzTarPerm extractEntry front-end/panelEnablerView.css
754 silly gunzTarPerm extractEntry front-end/OWNERS
755 silly gunzTarPerm extractEntry front-end/networkPanel.css
756 silly gunzTarPerm extractEntry front-end/networkLogView.css
757 silly gunzTarPerm extractEntry front-end/nativeMemoryProfiler.css
758 silly gunzTarPerm extractEntry front-end/spectrum.css
759 silly gunzTarPerm extractEntry front-end/timelinePanel.css
760 silly gunzTarPerm extractEntry front-end/inspectorCommon.css
761 silly gunzTarPerm extractEntry front-end/inspector.html
762 silly gunzTarPerm extractEntry front-end/inspector.css
763 silly gunzTarPerm extractEntry front-end/indexedDBViews.css
764 silly gunzTarPerm extractEntry front-end/Images/resourcePlainIcon.png
765 silly gunzTarPerm extractEntry front-end/Images/addIcon.png
766 silly gunzTarPerm extractEntry front-end/Images/back.png
767 silly gunzTarPerm extractEntry front-end/Images/breakpoint2.png
768 silly gunzTarPerm extractEntry front-end/Images/breakpoint2_2x.png
769 silly gunzTarPerm extractEntry front-end/Images/breakpointBorder.png
770 silly gunzTarPerm extractEntry front-end/Images/breakpointConditional2.png
771 silly gunzTarPerm extractEntry front-end/Images/breakpointConditional2_2x.png
772 silly gunzTarPerm extractEntry front-end/Images/breakpointConditionalBorder.png
773 silly gunzTarPerm extractEntry front-end/Images/breakpointConditionalCounterBorder.png
774 silly gunzTarPerm extractEntry front-end/Images/breakpointCounterBorder.png
775 silly gunzTarPerm extractEntry front-end/Images/checker.png
776 silly gunzTarPerm extractEntry front-end/Images/cookie.png
777 silly gunzTarPerm extractEntry front-end/Images/database.png
778 silly gunzTarPerm extractEntry front-end/Images/databaseTable.png
779 silly gunzTarPerm extractEntry front-end/Images/deleteIcon.png
780 silly gunzTarPerm extractEntry front-end/Images/domain.png
781 silly gunzTarPerm extractEntry front-end/Images/fileSystem.png
782 silly gunzTarPerm extractEntry front-end/Images/forward.png
783 silly gunzTarPerm extractEntry front-end/Images/frame.png
784 silly gunzTarPerm extractEntry front-end/Images/glossyHeader.png
785 silly gunzTarPerm extractEntry front-end/Images/glossyHeaderPressed.png
786 silly gunzTarPerm extractEntry front-end/Images/glossyHeaderSelected.png
787 silly gunzTarPerm extractEntry front-end/Images/glossyHeaderSelectedPressed.png
788 silly gunzTarPerm extractEntry front-end/Images/graphLabelCalloutLeft.png
789 silly gunzTarPerm extractEntry front-end/Images/graphLabelCalloutRight.png
790 silly gunzTarPerm extractEntry front-end/Images/indexedDB.png
791 silly gunzTarPerm extractEntry front-end/Images/indexedDBIndex.png
792 silly gunzTarPerm extractEntry front-end/Images/indexedDBObjectStore.png
793 silly gunzTarPerm extractEntry front-end/Images/localStorage.png
794 silly gunzTarPerm extractEntry front-end/Images/namedFlowOverflow.png
795 silly gunzTarPerm extractEntry front-end/Images/paneAddButtons.png
796 silly gunzTarPerm extractEntry front-end/Images/paneElementStateButtons.png
797 silly gunzTarPerm extractEntry front-end/Images/paneFilterButtons.png
798 silly gunzTarPerm extractEntry front-end/Images/paneRefreshButtons.png
799 silly gunzTarPerm extractEntry front-end/Images/paneSettingsButtons.png
800 silly gunzTarPerm extractEntry front-end/Images/popoverArrows.png
801 silly gunzTarPerm extractEntry front-end/Images/popoverBackground.png
802 silly gunzTarPerm extractEntry front-end/Images/profileGroupIcon.png
803 silly gunzTarPerm extractEntry front-end/Images/profileIcon.png
804 silly gunzTarPerm extractEntry front-end/Images/profileSmallIcon.png
805 silly gunzTarPerm extractEntry front-end/Images/programCounterBorder.png
806 silly gunzTarPerm extractEntry front-end/Images/radioDot.png
807 silly gunzTarPerm extractEntry front-end/Images/regionEmpty.png
808 silly gunzTarPerm extractEntry front-end/Images/regionFit.png
809 silly gunzTarPerm extractEntry front-end/Images/regionOverset.png
810 silly gunzTarPerm extractEntry front-end/Images/resourceCSSIcon.png
811 silly gunzTarPerm extractEntry front-end/Images/resourceDocumentIcon.png
812 silly gunzTarPerm extractEntry front-end/Images/resourceDocumentIconSmall.png
813 silly gunzTarPerm extractEntry front-end/Images/resourceJSIcon.png
814 silly gunzTarPerm extractEntry front-end/Images/applicationCache.png
815 silly gunzTarPerm extractEntry front-end/Images/resourcePlainIconSmall.png
816 silly gunzTarPerm extractEntry front-end/Images/resourcesTimeGraphIcon.png
817 silly gunzTarPerm extractEntry front-end/Images/searchNext.png
818 silly gunzTarPerm extractEntry front-end/Images/searchPrev.png
819 silly gunzTarPerm extractEntry front-end/Images/searchSmallBlue.png
820 silly gunzTarPerm extractEntry front-end/Images/searchSmallBrightBlue.png
821 silly gunzTarPerm extractEntry front-end/Images/searchSmallGray.png
822 silly gunzTarPerm extractEntry front-end/Images/searchSmallWhite.png
823 silly gunzTarPerm extractEntry front-end/Images/segment.png
824 silly gunzTarPerm extractEntry front-end/Images/segmentEnd.png
825 silly gunzTarPerm extractEntry front-end/Images/segmentHover.png
826 silly gunzTarPerm extractEntry front-end/Images/segmentHoverEnd.png
827 silly gunzTarPerm extractEntry front-end/Images/segmentSelected.png
828 silly gunzTarPerm extractEntry front-end/Images/segmentSelectedEnd.png
829 silly gunzTarPerm extractEntry front-end/Images/sessionStorage.png
830 silly gunzTarPerm extractEntry front-end/Images/spinner.gif
831 silly gunzTarPerm extractEntry front-end/Images/spinnerActive.gif
832 silly gunzTarPerm extractEntry front-end/Images/spinnerActiveSelected.gif
833 silly gunzTarPerm extractEntry front-end/Images/spinnerInactive.gif
834 silly gunzTarPerm extractEntry front-end/Images/spinnerInactiveSelected.gif
835 silly gunzTarPerm extractEntry front-end/Images/src/breakpoints2.svg
836 silly gunzTarPerm extractEntry front-end/Images/src/statusbarButtonGlyphs.svg
837 silly gunzTarPerm extractEntry front-end/Images/statusbarButtonGlyphs.png
838 silly gunzTarPerm extractEntry front-end/Images/statusbarButtonGlyphs2x.png
839 silly gunzTarPerm extractEntry front-end/Images/statusbarResizerHorizontal.png
840 silly gunzTarPerm extractEntry front-end/Images/statusbarResizerVertical.png
841 silly gunzTarPerm extractEntry front-end/Images/thumbActiveHoriz.png
842 silly gunzTarPerm extractEntry front-end/Images/thumbActiveVert.png
843 silly gunzTarPerm extractEntry front-end/Images/thumbHoriz.png
844 silly gunzTarPerm extractEntry front-end/Images/thumbHoverHoriz.png
845 silly gunzTarPerm extractEntry front-end/Images/thumbHoverVert.png
846 silly gunzTarPerm extractEntry front-end/Images/thumbVert.png
847 silly gunzTarPerm extractEntry front-end/Images/timelineHollowPillBlue.png
848 silly gunzTarPerm extractEntry front-end/Images/timelineHollowPillGray.png
849 silly gunzTarPerm extractEntry front-end/Images/timelineHollowPillGreen.png
850 silly gunzTarPerm extractEntry front-end/Images/timelineHollowPillOrange.png
851 silly gunzTarPerm extractEntry front-end/Images/timelineHollowPillPurple.png
852 silly gunzTarPerm extractEntry front-end/Images/timelineHollowPillRed.png
853 silly gunzTarPerm extractEntry front-end/Images/timelineHollowPillYellow.png
854 silly gunzTarPerm extractEntry front-end/Images/timelinePillBlue.png
855 silly gunzTarPerm extractEntry front-end/Images/timelinePillGray.png
856 silly gunzTarPerm extractEntry front-end/Images/timelinePillGreen.png
857 silly gunzTarPerm extractEntry front-end/Images/timelinePillOrange.png
858 silly gunzTarPerm extractEntry front-end/Images/timelinePillPurple.png
859 silly gunzTarPerm extractEntry front-end/Images/timelinePillRed.png
860 silly gunzTarPerm extractEntry front-end/Images/timelinePillYellow.png
861 silly gunzTarPerm extractEntry front-end/Images/toolbarIcons.png
862 silly gunzTarPerm extractEntry front-end/Images/toolbarIconsSmall.png
863 silly gunzTarPerm extractEntry front-end/Images/toolbarItemSelected.png
864 silly gunzTarPerm extractEntry front-end/Images/trackHoriz.png
865 silly gunzTarPerm extractEntry front-end/Images/trackVert.png
866 silly gunzTarPerm extractEntry front-end/helpScreen.css
867 silly gunzTarPerm extractEntry front-end/UglifyJS/parse-js.js
868 silly gunzTarPerm extractEntry front-end/heapProfiler.css
869 silly gunzTarPerm extractEntry front-end/flameChart.css
870 silly gunzTarPerm extractEntry front-end/filteredItemSelectionDialog.css
871 silly gunzTarPerm extractEntry front-end/elementsPanel.css
872 silly gunzTarPerm extractEntry front-end/dialog.css
873 silly gunzTarPerm extractEntry front-end/dataGrid.css
874 silly gunzTarPerm extractEntry front-end/cssNamedFlows.css
875 silly gunzTarPerm extractEntry front-end/cm/LICENSE
876 silly gunzTarPerm extractEntry front-end/cm/closebrackets.js
877 silly gunzTarPerm extractEntry front-end/cm/matchbrackets.js
878 silly gunzTarPerm extractEntry front-end/cm/codemirror.js
879 silly gunzTarPerm extractEntry front-end/cm/css.js
880 silly gunzTarPerm extractEntry front-end/cm/markselection.js
881 silly gunzTarPerm extractEntry front-end/cm/javascript.js
882 silly gunzTarPerm extractEntry front-end/cm/xml.js
883 silly gunzTarPerm extractEntry front-end/cm/htmlmixed.js
884 silly gunzTarPerm extractEntry front-end/cm/cmdevtools.css
885 silly gunzTarPerm extractEntry front-end/cm/codemirror.css
886 silly gunzTarPerm extractEntry front-end/canvasProfiler.css
887 silly gunzTarPerm extractEntry front-end/breakpointsList.css
888 silly gunzTarPerm extractEntry front-end/breadcrumbList.css
889 silly gunzTarPerm extractEntry front-end/auditsPanel.css
890 silly gunzTarPerm extractEntry front-end/navigatorView.css
891 silly gunzTarPerm extractEntry AUTHORS
892 silly gunzTarPerm extractEntry .travis.yml
893 silly gunzTarPerm extractEntry lib/BreakEventHandler.js
894 silly gunzTarPerm extractEntry lib/debug-server.js
895 silly gunzTarPerm extractEntry lib/debugger.js
896 silly gunzTarPerm extractEntry lib/DebuggerAgent.js
897 silly gunzTarPerm extractEntry lib/convert.js
898 silly gunzTarPerm extractEntry lib/FrontendClient.js
899 silly gunzTarPerm extractEntry lib/FrontendCommandHandler.js
900 silly gunzTarPerm extractEntry lib/PageAgent.js
901 silly gunzTarPerm extractEntry lib/RuntimeAgent.js
902 silly gunzTarPerm extractEntry lib/ScriptFileStorage.js
903 silly gunzTarPerm extractEntry lib/CallFramesProvider.js
904 silly gunzTarPerm extractEntry lib/ScriptManager.js
905 silly gunzTarPerm extractEntry lib/callback.js
906 silly gunzTarPerm extractEntry lib/session.js
907 silly gunzTarPerm extractEntry lib/DebuggerClient.js
908 silly gunzTarPerm extractEntry bin/inspector.js
909 silly gunzTarPerm extractEntry MAINTAINERS.md
910 silly gunzTarPerm extractEntry ChangeLog
911 silly gunzTarPerm extractEntry readme.md
912 verbose read json /Users/user/.npm/node-inspector/0.3.4/package/package.json
913 silly lockFile 023d099e-npm-node-inspector-0-3-4-package /Users/user/.npm/node-inspector/0.3.4/package
914 silly shasum updated bytes 40960
915 silly shasum updated bytes 40960
916 silly shasum updated bytes 40960
917 silly shasum updated bytes 40960
918 silly shasum updated bytes 40960
919 silly shasum updated bytes 40960
920 silly shasum updated bytes 40960
921 silly shasum updated bytes 40960
922 silly shasum updated bytes 40960
923 silly shasum updated bytes 40960
924 silly shasum updated bytes 40960
925 silly shasum updated bytes 40960
926 silly shasum updated bytes 40960
927 silly shasum updated bytes 40960
928 silly shasum updated bytes 40960
929 silly shasum updated bytes 40960
930 silly shasum updated bytes 40960
931 silly shasum updated bytes 40960
932 silly shasum updated bytes 40960
933 silly shasum updated bytes 40960
934 silly shasum updated bytes 40960
935 silly shasum updated bytes 40960
936 silly shasum updated bytes 40960
937 silly shasum updated bytes 15089
938 info shasum 02bc14c7b98ded6d160f7052e6c8935fe2eeb1ea
938 info shasum /Users/user/.npm/node-inspector/0.3.4/package.tgz
939 verbose from cache /Users/user/.npm/node-inspector/0.3.4/package/package.json
940 verbose chmod /Users/user/.npm/node-inspector/0.3.4/package.tgz 644
941 verbose chown /Users/user/.npm/node-inspector/0.3.4/package.tgz [ 501, 20 ]
942 silly lockFile c42ecfea-spector-node-inspector-0-3-4-tgz https://registry.npmjs.org/node-inspector/-/node-inspector-0.3.4.tgz
943 silly lockFile 2365dee9-node-inspector-0-3-4 node-inspector@0.3.4
944 silly lockFile e68b88da-node-inspector node-inspector@
945 silly resolved [ { name: 'node-inspector',
945 silly resolved     version: '0.3.4',
945 silly resolved     description: 'Web Inspector based nodeJS debugger',
945 silly resolved     homepage: 'http://github.com/node-inspector/node-inspector',
945 silly resolved     author: { name: 'Danny Coates', email: 'dannycoates@gmail.com' },
945 silly resolved     keywords: [ 'debug', 'debugger', 'inspector', 'profiler' ],
945 silly resolved     repository:
945 silly resolved      { type: 'git',
945 silly resolved        url: 'http://github.com/node-inspector/node-inspector.git' },
945 silly resolved     engines: { node: '>=0.8.0' },
945 silly resolved     bin: { 'node-inspector': './bin/inspector.js' },
945 silly resolved     dependencies:
945 silly resolved      { 'socket.io': '~0.9.14',
945 silly resolved        express: '~3.3',
945 silly resolved        async: '~0.2.8',
945 silly resolved        glob: '~3.2.1' },
945 silly resolved     devDependencies: { mocha: 'latest', chai: 'latest' },
945 silly resolved     preferGlobal: true,
945 silly resolved     scripts: { test: 'mocha', lint: './tools/gjslint.sh' },
945 silly resolved     contributors:
945 silly resolved      [ [Object],
945 silly resolved        [Object],
945 silly resolved        [Object],
945 silly resolved        [Object],
945 silly resolved        [Object],
945 silly resolved        [Object],
945 silly resolved        [Object],
945 silly resolved        [Object],
945 silly resolved        [Object],
945 silly resolved        [Object],
945 silly resolved        [Object],
945 silly resolved        [Object] ],
945 silly resolved     readme: '# Node Inspector\n\n[![Build Status](https://travis-ci.org/node-inspector/node-inspector.png?branch=master)](https://travis-ci.org/node-inspector/node-inspector)\n[![Dependency Status](https://gemnasium.com/node-inspector/node-inspector.png)](https://gemnasium.com/node-inspector/node-inspector)\n[![NPM version](https://badge.fury.io/js/node-inspector.png)](http://badge.fury.io/js/node-inspector)\n\n\n## Overview\nNode Inspector is a debugger interface for node.js using the\nBlink Developer Tools (former WebKit Web Inspector).\n\n## Features\n\nThe Blink DevTools debugger is a great javascript debugger interface;\nit works just as well for node. Node Inspector supports almost all\nof the debugging features of DevTools.\n\n* Navigate in your source files\n* Set breakpoints (and specify trigger conditions)\n* Break on exceptions\n* Step over, step in, step out, resume (continue)\n* Continue to location\n* Disable/enable all breakpoints\n* Inspect scopes, variables, object properties\n* Hover your mouse over an expression in your source to display its value in\n  a tooltip\n* Edit variables and object properties\n* (etc.)\n\n### Cool stuff\n* Node Inspector uses WebSockets, so no polling for breaks.\n* Remote debugging\n* [Live edit of running code](http://github.com/dannycoates/node-inspector/wiki/LiveEdit),\n  optionally persisting changes back to the file-system.\n* Set breakpoints in files that are not loaded into V8 yet - useful for\n  debugging module loading/initialization.\n* Javascript from top to bottom :)\n\n## Known Issues\n\nThis is beta-quality code, so use at your own risk.\n\n* Be careful about viewing the contents of Buffer objects,\n  each byte is displayed as an individual array element;\n  for most Buffers this will take too long to render.\n* While not stopped at a breakpoint the console doesn\'t always\n  behave as you might expect. See issue #146.\n* Profiler is not implemented yet. Have a look at\n  [node-webkit-agent](https://github.com/c4milo/node-webkit-agent)\n  in the meantime.\n* Break on uncaught exceptions does not work because of missing\n  [support in node](https://github.com/joyent/node/pull/5713).\n* Debugging multiple processes (e.g. cluster) is cumbersome.\n\n# Getting Started\n\n## Requirements\n\n* [node.js](http://github.com/ry/node)\n  - version 0.8 or later\n* [npm](http://github.com/isaacs/npm)\n* A Blink-based browser (i.e. Google Chrome)\n\n## Install\n\n* With [npm](http://github.com/isaacs/npm)\n\n        $ npm install -g node-inspector\n\n## Enable debug mode\n\nTo use node-inspector, enable debugging on the node you wish to debug.\nYou can either start node with a debug flag like:\n\n    $ node --debug your/node/program.js\n\nor, to pause your script on the first line:\n\n    $ node --debug-brk your/short/node/script.js\n\nOr you can enable debugging on a node that is already running by sending\nit a signal:\n\n1. Get the PID of the node process using your favorite method.\n`pgrep` or `ps -ef` are good\n\n\t\t$ pgrep -l node\n\t\t2345 node your/node/server.js\n\n2. Send it the USR1 signal\n\n\t\t$ kill -s USR1 2345\n\nGreat! Now you are ready to attach node-inspector\n\n## Debugging\n\n1. start the inspector. I usually put it in the background\n\n\t\t$ node-inspector &\n\n2. open http://127.0.0.1:8080/debug?port=5858 in Chrome\n\n3. you should now see the javascript source from node. If you don\'t, click the scripts tab.\n\n4. select a script and set some breakpoints (far left line numbers)\n\n5. then watch the [screencasts](http://www.youtube.com/view_play_list?p=A5216AC29A41EFA8)\n\nFor more information on getting started see the [wiki](http://github.com/dannycoates/node-inspector/wiki/Getting-Started---from-scratch)\n\nnode-inspector works almost exactly like the web inspector in\nChrome. Here\'s a good [overview](http://code.google.com/chrome/devtools/docs/scripts.html) of the UI\n\n## Inspector options\n\n    --web-port=[port]     port to host the inspector (default 8080)\n    --web-host=[host]     host to listen on (default 0.0.0.0)\n\n# FAQ / WTF\n\n1. My script runs too fast to attach the debugger.\n\n  > use `--debug-brk` to pause the script on the first line\n\n2. I got the ui in a weird state.\n\n  > when in doubt, refresh\n\n3. Can I debug remotely?\n\n  > Yes. node-inspector must be running on the same machine,\n  > but your browser can be anywhere.\n  > Just make sure port 8080 is accessible\n\n# Contributing Code\n\nMaking Node Inspector the best debugger for node.js cannot be achieved without\nthe help of the community. The following resources should help you to get\nstarted.\n\n* [Contributing](https://github.com/node-inspector/node-inspector/wiki/Contributing)\n* [Developer\'s Guide](https://github.com/node-inspector/node-inspector/wiki/Developer%27s-Guide)\n* [Easy Picks](https://github.com/node-inspector/node-inspector/issues?direction=asc&labels=Easy+Pick&page=1&sort=updated&state=open)\n\n# Thanks\n\n[Danny Coates](https://github.com/dannycoates) for starting the project\nand maintaining it for several years.\n\n[StrongLoop](http://strongloop.com) for upgrading to the Blink front-end\nand maintaining the project onwards.\n\nAnd of course all developers that contributed patches and features, as listed\nin the [AUTHORS](AUTHORS) file.\n',
945 silly resolved     readmeFilename: 'readme.md',
945 silly resolved     _id: 'node-inspector@0.3.4',
945 silly resolved     dist: { shasum: '02bc14c7b98ded6d160f7052e6c8935fe2eeb1ea' },
945 silly resolved     _from: 'node-inspector' } ]
946 info install node-inspector@0.3.4 into /usr/local/lib
947 info installOne node-inspector@0.3.4
948 verbose from cache /Users/user/.npm/node-inspector/0.3.4/package/package.json
949 info /usr/local/lib/node_modules/node-inspector unbuild
950 verbose read json /usr/local/lib/node_modules/node-inspector/package.json
951 verbose tar unpack /Users/user/.npm/node-inspector/0.3.4/package.tgz
952 silly lockFile 885d0a05--lib-node-modules-node-inspector /usr/local/lib/node_modules/node-inspector
953 verbose lock /usr/local/lib/node_modules/node-inspector /Users/user/.npm/885d0a05--lib-node-modules-node-inspector.lock
954 silly gunzTarPerm modes [ '755', '644' ]
955 error Error: EACCES, mkdir '/usr/local/lib/node_modules/node-inspector'
955 error  { [Error: EACCES, mkdir '/usr/local/lib/node_modules/node-inspector']
955 error   errno: 3,
955 error   code: 'EACCES',
955 error   path: '/usr/local/lib/node_modules/node-inspector',
955 error   fstream_type: 'Directory',
955 error   fstream_path: '/usr/local/lib/node_modules/node-inspector',
955 error   fstream_class: 'DirWriter',
955 error   fstream_stack:
955 error    [ 'DirWriter._create (/usr/local/lib/node_modules/npm/node_modules/fstream/lib/dir-writer.js:36:23)',
955 error      '/usr/local/lib/node_modules/npm/node_modules/mkdirp/index.js:37:53',
955 error      'Object.oncomplete (fs.js:297:15)' ] }
956 error Please try running this command again as root/Administrator.
957 error System Darwin 11.4.2
958 error command "node" "/usr/local/bin/npm" "install" "-g" "node-inspector"
959 error cwd /Users/user/dev/habitator
960 error node -v v0.8.16
961 error npm -v 1.1.69
962 error path /usr/local/lib/node_modules/node-inspector
963 error fstream_path /usr/local/lib/node_modules/node-inspector
964 error fstream_type Directory
965 error fstream_class DirWriter
966 error code EACCES
967 error errno 3
968 error stack Error: EACCES, mkdir '/usr/local/lib/node_modules/node-inspector'
969 error fstream_stack DirWriter._create (/usr/local/lib/node_modules/npm/node_modules/fstream/lib/dir-writer.js:36:23)
969 error fstream_stack /usr/local/lib/node_modules/npm/node_modules/mkdirp/index.js:37:53
969 error fstream_stack Object.oncomplete (fs.js:297:15)
970 verbose exit [ 3, true ]
